Error Log:
Error Instance:  Year:2018 Month:06 ON Thursday AT 17:23:23 AEST DETAILS:
		 ~MYSQL CRITICAL ERROR: No MYSQL database found :JavaServerDatabase

Error Instance:  Year:2018 Month:06 ON Thursday AT 17:35:22 AEST DETAILS:
		 ~MYSQL CRITICAL ERROR: No MYSQL database found :JavaServerDatabase

Error Instance:  Year:2018 Month:06 ON Thursday AT 17:37:02 AEST DETAILS:
		 ~MYSQL CRITICAL ERROR: No MYSQL database found :JavaServerDatabase

Error Instance:  Year:2018 Month:06 ON Thursday AT 17:37:45 AEST DETAILS:
		 ~MYSQL CRITICAL ERROR: No MYSQL database found :JavaServerDatabase

Error Instance:  Year:2018 Month:06 ON Thursday AT 17:40:30 AEST DETAILS:
		 ~MYSQL CRITICAL ERROR: No MYSQL database found :JavaServerDatabase

Error Instance:  Year:2018 Month:06 ON Thursday AT 18:07:06 AEST DETAILS:
		 ~MYSQL CRITICAL ERROR: No MYSQL database found :JavaServerDatabase

Error Instance:  Year:2018 Month:06 ON Friday AT 12:33:55 AEST DETAILS:
		 ~MYSQL CRITICAL ERROR: No MYSQL database found :JavaServerDatabase

Error Instance:  Year:2018 Month:06 ON Friday AT 12:33:55 AEST DETAILS:
		 ~MYSQL CRITICAL ERROR: Table could not be found

Error Instance:  Year:2018 Month:06 ON Friday AT 12:34:14 AEST DETAILS:
		 ~MYSQL CRITICAL ERROR: No MYSQL database found :JavaServerDatabase

Error Instance:  Year:2018 Month:06 ON Friday AT 15:17:43 AEST DETAILS:
		 ~MYSQL CRITICAL ERROR: No MYSQL database found :JavaServerDatabase

Error Instance:  Year:2018 Month:06 ON Friday AT 15:17:43 AEST DETAILS:
		 ~MYSQL CRITICAL ERROR: Table could not be found

Error Instance:  Year:2018 Month:06 ON Friday AT 15:19:05 AEST DETAILS:
		 ~MYSQL CRITICAL ERROR: No MYSQL database found :JavaServerDatabase

Error Instance:  Year:2018 Month:06 ON Friday AT 15:19:05 AEST DETAILS:
		 ~MYSQL CRITICAL ERROR: Table could not be found
